<?xml version="1.0" encoding="UTF-8"?>
<!-- Generated by org.testng.reporters.JUnitXMLReporter -->
<testsuite hostname="FinatelAdmin" ignored="12" name="Homepage" tests="15" failures="2" timestamp="05 Dec 2017 12:37:07 GMT" time="81.081" errors="0">
  <testcase name="openHomePage" time="4.497" classname="testcase.TestHomepage"/>
  <testcase name="verifySignIn" time="2.633" classname="testcase.TestHomepage"/>
  <testcase name="searchBus" time="31.934" classname="testcase.TestHomepage"/>
  <testcase name="selectSeat" time="3.153" classname="testcase.TestSearchListPage"/>
  <testcase name="selectBoardingAndDroppingPoints" time="0.857" classname="testcase.TestSearchListPage"/>
  <testcase name="searchListTicketDetails" time="0.352" classname="testcase.TestSearchListPage"/>
  <testcase name="Submit" time="1.323" classname="testcase.TestSearchListPage"/>
  <testcase name="checkFareDetails" time="0.709" classname="testcase.TestTravellerInfoPage">
    <failure type="java.lang.AssertionError" message="fare not equals expected [880.0] but found [1100.0]">
      <![CDATA[java.lang.AssertionError: fare not equals expected [880.0] but found [1100.0]
	at testcase.TestTravellerInfoPage.checkFareDetails(TestTravellerInfoPage.java:46)
... Removed 29 stack frames]]>
    </failure>
  </testcase> <!-- checkFareDetails -->
  <testcase name="continuePage" time="1.104" classname="testcase.TestTravellerInfoPage"/>
  <testcase name="passengerInfo" time="1.425" classname="testcase.TestTravellerInfoPage"/>
  <testcase name="continuePassengerInfo" time="0.085" classname="testcase.TestTravellerInfoPage"/>
  <testcase name="billingInfoFrame" time="19.939" classname="testcase.TestTravellerInfoPage"/>
  <testcase name="cardDetails" time="5.126" classname="testcase.TestEBS"/>
  <testcase name="testBookingDetailsPage" time="6.177" classname="testcase.TestBookingDetailsPage">
    <failure type="java.lang.AssertionError" message="Base fare does not match expected [880.0] but found [1100.00]">
      <![CDATA[java.lang.AssertionError: Base fare does not match expected [880.0] but found [1100.00]
	at testcase.TestBookingDetailsPage.testBookingDetailsPage(TestBookingDetailsPage.java:74)
... Removed 29 stack frames]]>
    </failure>
  </testcase> <!-- testBookingDetailsPage -->
  <testcase name="registration" time="1.677" classname="testcase.TestBecomeAnAgent"/>
  <testcase name="@AfterSuite saveReport" time="0.0" classname="testcase.TestBase">
    <ignored/>
  </testcase> <!-- @AfterSuite saveReport -->
  <testcase name="@AfterSuite saveReport" time="0.0" classname="testcase.TestBase">
    <ignored/>
  </testcase> <!-- @AfterSuite saveReport -->
  <testcase name="@AfterSuite saveReport" time="0.0" classname="testcase.TestBase">
    <ignored/>
  </testcase> <!-- @AfterSuite saveReport -->
  <testcase name="@AfterSuite saveReport" time="0.0" classname="testcase.TestBase">
    <ignored/>
  </testcase> <!-- @AfterSuite saveReport -->
  <testcase name="@AfterSuite saveReport" time="0.0" classname="testcase.TestBase">
    <ignored/>
  </testcase> <!-- @AfterSuite saveReport -->
  <testcase name="@AfterSuite saveReport" time="0.0" classname="testcase.TestBase">
    <ignored/>
  </testcase> <!-- @AfterSuite saveReport -->
  <testcase name="@BeforeSuite extentReport" time="0.0" classname="testcase.TestBase">
    <ignored/>
  </testcase> <!-- @BeforeSuite extentReport -->
  <testcase name="@BeforeSuite extentReport" time="0.0" classname="testcase.TestBase">
    <ignored/>
  </testcase> <!-- @BeforeSuite extentReport -->
  <testcase name="@BeforeSuite extentReport" time="0.0" classname="testcase.TestBase">
    <ignored/>
  </testcase> <!-- @BeforeSuite extentReport -->
  <testcase name="@BeforeSuite extentReport" time="0.0" classname="testcase.TestBase">
    <ignored/>
  </testcase> <!-- @BeforeSuite extentReport -->
  <testcase name="@BeforeSuite extentReport" time="0.0" classname="testcase.TestBase">
    <ignored/>
  </testcase> <!-- @BeforeSuite extentReport -->
  <testcase name="@BeforeSuite extentReport" time="0.0" classname="testcase.TestBase">
    <ignored/>
  </testcase> <!-- @BeforeSuite extentReport -->
</testsuite> <!-- Homepage -->
