<body>    <table>      <tr><center><b>Custom TestNG Report 2017/12/05 18:07:08</b></center></tr>      <thead>        <tr>          <th>Test Name</th>          <th># Total Method</th>          <th># Passed</th>          <th># Skipped</th>          <th># Failed</th>          <th>Browser</th>          <th>Start Time</th>          <th>End Time</th>          <th>Execute Time (mm:hh:ss:ms)</th>          <th>Included Groups</th>          <th>Excluded Groups</th>        </tr>       </thead>        <tr><td colspan=11><center><b>Suite</b></center></td></tr><tr><td>Homepage</td><td>15</td><td bgcolor=green>13</td><td bgcolor=yellow>0</td><td bgcolor=red>2</td><td>Chrome</td><td>2017/12/05 18:05:46</td><td>2017/12/05 18:07:07</td><td>0:1:81:81081</td><td></td><td></td></tr>    </table>    <table id="summary">      <thead>        <tr>          <th>Class</th>          <th>Method</th>          <th>Start Time</th>          <th>Execution Time (mm:hh:ss:ms)</th>          <th>Parameter</th>          <th>Reporter Message</th>          <th>Exception Message</th>        </tr>      </thead>       <tr><td colspan=7><center><b>Suite</b></center></td></tr><tr bgcolor=red><td colspan=7><center><b>Homepage - Failed </b></center></td></tr><tr bgcolor=red><td>testcase.TestTravellerInfoPage</td><td>checkFareDetails</td><td>2017/12/05 18:06:30</td><td>0:0:0:709</td><td></td><td></td><td>java.lang.AssertionError: fare not equals expected [880.0] but found [1100.0]
	at org.testng.Assert.fail(Assert.java:93)
	at org.testng.Assert.failNotEquals(Assert.java:512)
	at org.testng.Assert.assertEqualsImpl(Assert.java:134)
	at org.testng.Assert.assertEquals(Assert.java:115)
	at testcase.TestTravellerInfoPage.checkFareDetails(TestTravellerInfoPage.java:46)
	at sun.reflect.NativeMethodAccessorImpl.invoke0(Native Method)
	at sun.reflect.NativeMethodAccessorImpl.invoke(NativeMethodAccessorImpl.java:62)
	at sun.reflect.DelegatingMethodAccessorImpl.invoke(DelegatingMethodAccessorImpl.java:43)
	at java.lang.reflect.Method.invoke(Method.java:498)
	at org.testng.internal.MethodInvocationHelper.invokeMethod(MethodInvocationHelper.java:108)
	at org.testng.internal.Invoker.invokeMethod(Invoker.java:661)
	at org.testng.internal.Invoker.invokeTestMethod(Invoker.java:869)
	at org.testng.internal.Invoker.invokeTestMethods(Invoker.java:1193)
	at org.testng.internal.TestMethodWorker.invokeTestMethods(TestMethodWorker.java:126)
	at org.testng.internal.TestMethodWorker.run(TestMethodWorker.java:109)
	at org.testng.TestRunner.privateRun(TestRunner.java:744)
	at org.testng.TestRunner.run(TestRunner.java:602)
	at org.testng.SuiteRunner.runTest(SuiteRunner.java:380)
	at org.testng.SuiteRunner.runSequentially(SuiteRunner.java:375)
	at org.testng.SuiteRunner.privateRun(SuiteRunner.java:340)
	at org.testng.SuiteRunner.run(SuiteRunner.java:289)
	at org.testng.SuiteRunnerWorker.runSuite(SuiteRunnerWorker.java:52)
	at org.testng.SuiteRunnerWorker.run(SuiteRunnerWorker.java:86)
	at org.testng.TestNG.runSuitesSequentially(TestNG.java:1301)
	at org.testng.TestNG.runSuitesLocally(TestNG.java:1226)
	at org.testng.TestNG.runSuites(TestNG.java:1144)
	at org.testng.TestNG.run(TestNG.java:1115)
	at org.testng.remote.AbstractRemoteTestNG.run(AbstractRemoteTestNG.java:132)
	at org.testng.remote.RemoteTestNG.initAndRun(RemoteTestNG.java:230)
	at org.testng.remote.RemoteTestNG.main(RemoteTestNG.java:76)
</td></tr><tr bgcolor=red><td>testcase.TestBookingDetailsPage</td><td>testBookingDetailsPage</td><td>2017/12/05 18:06:59</td><td>0:0:6:6177</td><td></td><td></td><td>java.lang.AssertionError: Base fare does not match expected [880.0] but found [1100.00]
	at org.testng.Assert.fail(Assert.java:93)
	at org.testng.Assert.failNotEquals(Assert.java:512)
	at org.testng.Assert.assertEqualsImpl(Assert.java:134)
	at org.testng.Assert.assertEquals(Assert.java:115)
	at testcase.TestBookingDetailsPage.testBookingDetailsPage(TestBookingDetailsPage.java:74)
	at sun.reflect.NativeMethodAccessorImpl.invoke0(Native Method)
	at sun.reflect.NativeMethodAccessorImpl.invoke(NativeMethodAccessorImpl.java:62)
	at sun.reflect.DelegatingMethodAccessorImpl.invoke(DelegatingMethodAccessorImpl.java:43)
	at java.lang.reflect.Method.invoke(Method.java:498)
	at org.testng.internal.MethodInvocationHelper.invokeMethod(MethodInvocationHelper.java:108)
	at org.testng.internal.Invoker.invokeMethod(Invoker.java:661)
	at org.testng.internal.Invoker.invokeTestMethod(Invoker.java:869)
	at org.testng.internal.Invoker.invokeTestMethods(Invoker.java:1193)
	at org.testng.internal.TestMethodWorker.invokeTestMethods(TestMethodWorker.java:126)
	at org.testng.internal.TestMethodWorker.run(TestMethodWorker.java:109)
	at org.testng.TestRunner.privateRun(TestRunner.java:744)
	at org.testng.TestRunner.run(TestRunner.java:602)
	at org.testng.SuiteRunner.runTest(SuiteRunner.java:380)
	at org.testng.SuiteRunner.runSequentially(SuiteRunner.java:375)
	at org.testng.SuiteRunner.privateRun(SuiteRunner.java:340)
	at org.testng.SuiteRunner.run(SuiteRunner.java:289)
	at org.testng.SuiteRunnerWorker.runSuite(SuiteRunnerWorker.java:52)
	at org.testng.SuiteRunnerWorker.run(SuiteRunnerWorker.java:86)
	at org.testng.TestNG.runSuitesSequentially(TestNG.java:1301)
	at org.testng.TestNG.runSuitesLocally(TestNG.java:1226)
	at org.testng.TestNG.runSuites(TestNG.java:1144)
	at org.testng.TestNG.run(TestNG.java:1115)
	at org.testng.remote.AbstractRemoteTestNG.run(AbstractRemoteTestNG.java:132)
	at org.testng.remote.RemoteTestNG.initAndRun(RemoteTestNG.java:230)
	at org.testng.remote.RemoteTestNG.main(RemoteTestNG.java:76)
</td></tr><tr bgcolor=yellow><td colspan=7><center><b>Homepage - Skipped </b></center></td></tr><tr bgcolor=green><td colspan=7><center><b>Homepage - Passed </b></center></td></tr><tr bgcolor=green><td>testcase.TestTravellerInfoPage</td><td>continuePage</td><td>2017/12/05 18:06:31</td><td>0:0:1:1104</td><td></td><td></td><td></td></tr><tr bgcolor=green><td>testcase.TestSearchListPage</td><td>selectBoardingAndDroppingPoints</td><td>2017/12/05 18:06:28</td><td>0:0:0:857</td><td></td><td></td><td></td></tr><tr bgcolor=green><td>testcase.TestSearchListPage</td><td>selectSeat</td><td>2017/12/05 18:06:25</td><td>0:0:3:3153</td><td></td><td></td><td></td></tr><tr bgcolor=green><td>testcase.TestBecomeAnAgent</td><td>registration</td><td>2017/12/05 18:07:05</td><td>0:0:1:1677</td><td></td><td></td><td></td></tr><tr bgcolor=green><td>testcase.TestHomepage</td><td>searchBus</td><td>2017/12/05 18:05:53</td><td>0:0:31:31934</td><td></td><td></td><td></td></tr><tr bgcolor=green><td>testcase.TestTravellerInfoPage</td><td>billingInfoFrame</td><td>2017/12/05 18:06:34</td><td>0:0:19:19939</td><td></td><td></td><td></td></tr><tr bgcolor=green><td>testcase.TestSearchListPage</td><td>Submit</td><td>2017/12/05 18:06:29</td><td>0:0:1:1323</td><td></td><td></td><td></td></tr><tr bgcolor=green><td>testcase.TestEBS</td><td>cardDetails</td><td>2017/12/05 18:06:54</td><td>0:0:5:5126</td><td></td><td></td><td></td></tr><tr bgcolor=green><td>testcase.TestTravellerInfoPage</td><td>continuePassengerInfo</td><td>2017/12/05 18:06:34</td><td>0:0:0:85</td><td></td><td></td><td></td></tr><tr bgcolor=green><td>testcase.TestHomepage</td><td>openHomePage</td><td>2017/12/05 18:05:46</td><td>0:0:4:4497</td><td></td><td></td><td></td></tr><tr bgcolor=green><td>testcase.TestHomepage</td><td>verifySignIn</td><td>2017/12/05 18:05:50</td><td>0:0:2:2633</td><td></td><td></td><td></td></tr><tr bgcolor=green><td>testcase.TestTravellerInfoPage</td><td>passengerInfo</td><td>2017/12/05 18:06:32</td><td>0:0:1:1425</td><td></td><td></td><td></td></tr><tr bgcolor=green><td>testcase.TestSearchListPage</td><td>searchListTicketDetails</td><td>2017/12/05 18:06:29</td><td>0:0:0:352</td><td></td><td></td><td></td></tr>    </table>  </body>